<?xml version="1.0" encoding="UTF-8"?>
<!-- Generated by org.testng.reporters.JUnitReportReporter -->
<testsuite hostname="DESKTOP-U6MU741" failures="0" tests="1" name="sampleTests.DemoTest" time="0.035" errors="0" timestamp="2022-09-08T16:34:44 IST" skipped="0">
  <testcase classname="sampleTests.DemoTest" name="demo" time="0.035"/>
  <system-out/>
</testsuite> <!-- sampleTests.DemoTest -->
